PIF
begin=0=0
int=0=0
main=0=0
(=0=0
)=0=0
{=0=0
@=0=0
identifier=10=0
type=0=0
int=0=0
;=0=0
@=0=0
identifier=11=0
List=0=0
type=0=0
List=0=0
;=0=0
identifier=11=0
List=0=0
-=0=0
new=0=0
List=0=0
(=0=0
)=0=0
;=0=0
-=0=0
-=0=0
constant=7=0
;=0=0
@=0=0
identifier=5=0
type=0=0
int=0=0
;=0=0
read=0=0
identifier=5=0
;=0=0
@=0=0
identifier=7=1
type=0=0
int=0=0
;=0=0
while=0=0
(=0=0
>=0=0
constant=3=0
)=0=0
{=0=0
read=0=0
identifier=7=1
;=0=0
identifier=11=0
List=0=0
.=0=0
identifier=11=1
(=0=0
identifier=7=1
)=0=0
;=0=0
identifier=10=0
<-=0=0
+=0=0
identifier=7=1
;=0=0
-=0=0
-=0=0
constant=4=0
;=0=0
}=0=0
print=0=0
identifier=11=0
List=0=0
.=0=0
identifier=0=0
(=0=0
)=0=0
;=0=0
print=0=0
identifier=10=0
;=0=0
return=0=0
constant=3=0
;=0=0
}=0=0
end=0=0
